TN:
SF:D:\Workarea\iotaeco\iota-pico-pal-browser\src\index.ts
FNF:0
FNH:0
LF:0
LH:0
BRF:0
BRH:0
end_of_record
TN:
SF:D:\Workarea\iotaeco\iota-pico-pal-browser\src\pal.ts
FN:15,(anonymous_0)
FN:18,(anonymous_1)
FNF:2
FNH:2
FNDA:3,(anonymous_0)
FNDA:1,(anonymous_1)
DA:1,1
DA:3,1
DA:8,1
DA:10,1
DA:16,3
DA:17,1
DA:18,1
DA:21,3
LF:8
LH:8
BRDA:16,0,0,1
BRDA:16,0,1,2
BRF:2
BRH:2
end_of_record
TN:
SF:D:\Workarea\iotaeco\iota-pico-pal-browser\src\network\networkClient.ts
FN:28,(anonymous_0)
FN:48,(anonymous_1)
FN:59,(anonymous_2)
FN:70,(anonymous_3)
FN:72,(anonymous_4)
FN:94,(anonymous_5)
FN:99,(anonymous_6)
FN:113,(anonymous_7)
FN:114,(anonymous_8)
FN:130,(anonymous_9)
FN:140,(anonymous_10)
FN:150,(anonymous_11)
FNF:12
FNH:12
FNDA:21,(anonymous_0)
FNDA:7,(anonymous_1)
FNDA:6,(anonymous_2)
FNDA:2,(anonymous_3)
FNDA:2,(anonymous_4)
FNDA:2,(anonymous_5)
FNDA:2,(anonymous_6)
FNDA:17,(anonymous_7)
FNDA:17,(anonymous_8)
FNDA:2,(anonymous_9)
FNDA:2,(anonymous_10)
FNDA:19,(anonymous_11)
DA:1,1
DA:2,1
DA:3,1
DA:4,1
DA:8,1
DA:14,1
DA:29,21
DA:30,1
DA:32,20
DA:33,1
DA:35,19
DA:36,19
DA:37,19
DA:39,19
DA:49,7
DA:60,6
DA:71,2
DA:73,2
DA:74,2
DA:75,1
DA:77,1
DA:95,2
DA:96,2
DA:98,2
DA:100,2
DA:101,2
DA:102,1
DA:104,1
DA:114,17
DA:115,17
DA:117,17
DA:119,17
DA:120,1
DA:121,1
DA:124,17
DA:126,17
DA:127,2
DA:130,17
DA:131,2
DA:133,2
DA:140,17
DA:141,2
DA:143,2
DA:150,17
DA:151,19
DA:152,17
DA:153,17
DA:155,2
DA:156,2
DA:164,17
DA:166,17
DA:167,7
DA:170,17
DA:172,17
LF:54
LH:54
BRDA:28,0,0,18
BRDA:29,1,0,1
BRDA:29,1,1,20
BRDA:32,2,0,1
BRDA:32,2,1,19
BRDA:32,3,0,20
BRDA:32,3,1,20
BRDA:37,4,0,19
BRDA:37,4,1,19
BRDA:95,5,0,2
BRDA:95,5,1,2
BRDA:115,6,0,17
BRDA:115,6,1,10
BRDA:119,7,0,1
BRDA:119,7,1,16
BRDA:126,8,0,2
BRDA:126,8,1,15
BRDA:136,9,0,2
BRDA:136,9,1,2
BRDA:146,10,0,2
BRDA:146,10,1,2
BRDA:151,11,0,17
BRDA:151,11,1,2
BRDA:159,12,0,2
BRDA:159,12,1,2
BRF:25
BRH:25
end_of_record
