TN:
SF:D:\Workarea\iota-pico\pal-browser\src\index.ts
FNF:0
FNH:0
LF:0
LH:0
BRF:0
BRH:0
end_of_record
TN:
SF:D:\Workarea\iota-pico\pal-browser\src\pal.ts
FN:20,(anonymous_0)
FN:23,(anonymous_1)
FN:24,(anonymous_2)
FN:25,(anonymous_3)
FNF:4
FNH:4
FNDA:5,(anonymous_0)
FNDA:1,(anonymous_1)
FNDA:1,(anonymous_2)
FNDA:1,(anonymous_3)
DA:1,1
DA:2,1
DA:3,1
DA:6,1
DA:7,1
DA:8,1
DA:13,1
DA:15,1
DA:21,5
DA:22,1
DA:23,1
DA:24,1
DA:25,1
DA:28,5
LF:14
LH:14
BRDA:21,0,0,1
BRDA:21,0,1,4
BRF:2
BRH:2
end_of_record
TN:
SF:D:\Workarea\iota-pico\pal-browser\src\crypto\platformCrypto.ts
FN:21,(anonymous_1)
FN:31,(anonymous_2)
FN:48,(anonymous_3)
FN:65,(anonymous_4)
FN:83,(anonymous_5)
FNF:5
FNH:5
FNDA:18,(anonymous_1)
FNDA:3,(anonymous_2)
FNDA:5,(anonymous_3)
FNDA:3,(anonymous_4)
FNDA:5,(anonymous_5)
DA:1,1
DA:2,1
DA:4,1
DA:9,1
DA:22,18
DA:23,18
DA:32,3
DA:33,1
DA:35,2
DA:36,1
DA:38,1
DA:39,1
DA:40,1
DA:49,5
DA:50,1
DA:52,4
DA:53,2
DA:55,2
DA:56,2
DA:57,2
DA:66,3
DA:67,1
DA:69,2
DA:70,1
DA:72,1
DA:73,1
DA:74,1
DA:84,5
DA:85,1
DA:87,4
DA:88,1
DA:90,3
DA:91,1
DA:93,2
DA:94,2
DA:95,2
LF:36
LH:36
BRDA:32,0,0,1
BRDA:32,0,1,2
BRDA:35,1,0,1
BRDA:35,1,1,1
BRDA:49,2,0,1
BRDA:49,2,1,4
BRDA:49,3,0,5
BRDA:49,3,1,3
BRDA:52,4,0,2
BRDA:52,4,1,2
BRDA:56,5,0,2
BRDA:56,5,1,1
BRDA:66,6,0,1
BRDA:66,6,1,2
BRDA:69,7,0,1
BRDA:69,7,1,1
BRDA:84,8,0,1
BRDA:84,8,1,4
BRDA:87,9,0,1
BRDA:87,9,1,3
BRDA:90,10,0,1
BRDA:90,10,1,2
BRF:22
BRH:22
end_of_record
TN:
SF:D:\Workarea\iota-pico\pal-browser\src\network\networkClient.ts
FN:27,(anonymous_0)
FN:47,(anonymous_1)
FN:61,(anonymous_2)
FN:75,(anonymous_3)
FN:78,(anonymous_4)
FN:102,(anonymous_5)
FN:109,(anonymous_6)
FN:125,(anonymous_7)
FN:126,(anonymous_8)
FN:142,(anonymous_9)
FN:152,(anonymous_10)
FN:162,(anonymous_11)
FNF:12
FNH:12
FNDA:21,(anonymous_0)
FNDA:7,(anonymous_1)
FNDA:6,(anonymous_2)
FNDA:2,(anonymous_3)
FNDA:2,(anonymous_4)
FNDA:2,(anonymous_5)
FNDA:2,(anonymous_6)
FNDA:17,(anonymous_7)
FNDA:17,(anonymous_8)
FNDA:2,(anonymous_9)
FNDA:2,(anonymous_10)
FNDA:19,(anonymous_11)
DA:1,1
DA:2,1
DA:3,1
DA:4,1
DA:8,1
DA:13,1
DA:28,21
DA:29,1
DA:31,20
DA:32,1
DA:34,19
DA:35,19
DA:36,19
DA:38,19
DA:48,7
DA:49,7
DA:50,4
DA:51,4
DA:62,6
DA:63,6
DA:64,3
DA:65,3
DA:76,2
DA:77,2
DA:79,2
DA:80,2
DA:81,1
DA:82,1
DA:84,1
DA:85,1
DA:103,2
DA:105,2
DA:106,2
DA:108,2
DA:110,2
DA:111,2
DA:112,1
DA:113,1
DA:115,1
DA:116,1
DA:126,17
DA:127,17
DA:129,17
DA:131,17
DA:132,1
DA:133,1
DA:136,17
DA:138,17
DA:139,2
DA:142,17
DA:143,2
DA:145,2
DA:152,17
DA:153,2
DA:155,2
DA:162,17
DA:163,19
DA:164,17
DA:166,2
DA:167,2
DA:175,17
DA:177,17
DA:178,7
DA:181,17
DA:183,17
LF:65
LH:65
BRDA:27,0,0,18
BRDA:28,1,0,1
BRDA:28,1,1,20
BRDA:31,2,0,1
BRDA:31,2,1,19
BRDA:31,3,0,20
BRDA:31,3,1,20
BRDA:36,4,0,19
BRDA:36,4,1,19
BRDA:105,5,0,2
BRDA:105,5,1,2
BRDA:127,6,0,17
BRDA:127,6,1,10
BRDA:131,7,0,1
BRDA:131,7,1,16
BRDA:138,8,0,2
BRDA:138,8,1,15
BRDA:148,9,0,2
BRDA:148,9,1,2
BRDA:158,10,0,2
BRDA:158,10,1,2
BRDA:163,11,0,17
BRDA:163,11,1,2
BRDA:170,12,0,2
BRDA:170,12,1,2
BRF:25
BRH:25
end_of_record
TN:
SF:D:\Workarea\iota-pico\pal-browser\src\services\IRngSource.ts
FNF:0
FNH:0
LF:0
LH:0
BRF:0
BRH:0
end_of_record
TN:
SF:D:\Workarea\iota-pico\pal-browser\src\services\rngService.ts
FN:14,(anonymous_0)
FN:23,(anonymous_1)
FNF:2
FNH:2
FNDA:3,(anonymous_0)
FNDA:1,(anonymous_1)
DA:7,1
DA:15,3
DA:24,1
DA:25,1
LF:4
LH:4
BRDA:15,0,0,3
BRDA:15,0,1,2
BRF:2
BRH:2
end_of_record
